 
                 OOOO   FFFFFFFF                                 
                OOOOOO  FFFFFFF                                  
               OO    OO FF           SSSS    OOO   LL   VV     VV
               OO    OO FF         SS   SS  OOOOO  LL   VV     VV
               OO    OO FFFFFF     SS      OO   OO LL   VV     VV
               OO    OO FFFFF  ===   SSS   OO   OO LL   VV     VV
               OO    OO FF              SS OO   OO LL    VV   VV 
                OOOOOO  FF         SS   SS  OOOOO  LLLLLL VV VV  
                 OOOO   FF           SSSS    OOO   LLLLLL  VVV   
 
 
 
                             A product by GNS-mbH
                  Gesellschaft fuer Numerische Simulation mbH   
 
                                Am Gaussberg 2
                             D-38114 Braunschweig
                                   GERMANY
 
                         Fon.:   +49.(0)531.80 112-16
                         Fax.:   +49.(0)531.80 112-79
                         e-mail: openform@gns-mbh.com

                                 OFSOLV 1.0.3    

                                -REVISION 432-    

                                   16.06.21

                               RUNNING ON LINUX   


 TITEL
 -----

 Rectangular Cup (60x40x20 mm*3), Initial Blank (112x95 mm*2)
 Blank Thickness	[tb] = 0.80mm		(in .t51 file!)
 Blank Scaling	[Sx] = 1.00, [Sy] = 1.0	(in .t51 file!)
 Draw Radius	[Rd] = 3.00mm	    	(in .t52 file!)
 Material:	ZStE340 (210000,0.30,365.0,19.0,462.0,0.60,1.66,0.94)


 START DER BERECHNUNG                        11:20:23    :    27.02.2025
 --------------------


 ANZAHL VERWENDETER PROZESSOREN                          :             4
 ------------------------------


 ART DER BERECHNUNG
 ------------------

 DIE ELEMENT-SORTIERUNG FUER DIE AUFBAUPHASE WIRD DURCHGEFUEHRT.
 ANALYSE MIT KONTAKT (STARRE KOERPER).
 ANALYSE OHNE PROJEZIERTE LINIEN.


 ELEMENTGRUPPEN (AUS t51-DATEI)
 ------------------------------

 ANZAHL DER GRUPPEN VON KARTEN ZUR DEFINITION
 DER ELEMENTGRUPPEN                                      :             1

 ELEMENTGRUPPE   : BLANK (1 TO 17948)
 MATERIAL-MODELL :     1
 ABGLEICH-NUMMER :     1


 QUERSCHNITT (AUS t51-DATEI)
 ---------------------------

 ANZAHL DER GRUPPEN VON KARTEN ZUR DEFINITION
 DER ELEMENTQUERSCHNITTE                                 :             0

 DIE MITTLERE BLECHDICKE BETRAEGT                 MBDICK :  8.000000E-01


 MATERIALBIBLIOTHEK (AUS dat-DATEI)
 ----------------------------------

 ANZAHL DER GRUPPEN VON KARTEN ZUR DEFINITION
 DER MATERIALBIBLIOTHEK                                  :             1
 ABGLEICHNUMMER :    1
 MATERIAL-DATEI : INPRO_ZStE340.mbl


 POST-DATEN
 ----------

 DIE AUSGABE VON POST-DATEN ERFOLGT IM BINAER-FORMAT.
 ANZAHL DER AUSZUGEBENDEN SKALAREN POST-DATEN            :             2
 LISTE  DER AUSZUGEBENDEN SKALAREN POST-DATEN            :
  1: DICKENAENDERUNG
  2: 1.HEPS SCHICHT 3
   : 2.HEPS SCHICHT 3
   : 3.HEPS SCHICHT 3
 LISTE DER AUSZUGEBENDEN XY-DATEN:
 STANDARDWERTE:
   INKREMENTNUMMER
   ANZAHL DER INNEREN UND KONTAKT ITERATIONEN
   GESAMTZEIT UND ZEITINKREMENT.
 DRUCKLAST-DATEN:
   VOLUMENZUWACHS UND AKKUMULIERTES GESAMTVOLUMEN
   DRUCKLASTZUWACHS UND AKKUMULIERTER GESAMTDRUCK.
 WERKZEUG-DATEN:
   GESAMTE WERKZEUGLAST
   GESAMTER WERKZEUGVORSCHUB.


 RESTART-DATEN
 -------------

 ANZAHL DER RESTART-BACK DATEIEN                         :             0

 SEARCHING MATERIAL-FILE <INPRO_ZStE340.mbl>
 FOUND IN DIRECTORY : ./


 AUSGABE DER AUS DEN MBL-DATEIEN EINGELESENEN DATEN:
 ---------------------------------------------------


 E L E M E N T B L O C K : [  1 ]

    MATERIAL-DATEI  : INPRO_ZStE340.mbl

    HILL-MODELL MIT KONSTANTER KINEMATISCHER VERFESTIGUNG [MATERIALTYP 1]:

    ELEMENTTYP      :    4
    MATERIAL-MODELL :    1
    ABGLEICH-NUMMER :    1

    ELASTISCHE EIGENSCHAFTEN:
    E-MODUL =          210000.0000
    POISSON =               0.3000

    ISOTROPE VERFESTIGUNG:
    SA1     =               1.0000
    SA2     =           22156.0000
    SA3     =              -0.3350
    ZSNULL  =          113057.6000

    HILLSCHER ANISOTROPIE-TENSOR:
    SB11    =               1.0000
    SB22    =               0.8810
    SB12    =              -0.3320
    SBS12   =               1.8560
    WALZWK  =               0.0000

    KINEMATISCHE VERFESTIGUNG:
    ALPHA1  =              26.8170
    ALPHA2  =               3.6770

    FLIESSKURVE FUER INTERNE ABSCHAETZUNGEN:
    R_P02   =             336.2404
    AG      =              20.0780
    RM      =             453.9523


 VERWENDETE ELEMENTTYPEN, MATERIAL-MODELLE UND ABGLEICH-NUMMERN
 ------------------------------------------------------------

 DREIECK-SCHALENELEMENT MIT EINEM ZUSAETZLICHEN FREIWERT
 PRO KNOTEN IN DER MITTELFLAECHE

 HILL-MODELL MIT KONSTANTER KINEMATISCHER VERFESTIGUNG:

 ELEMENTTYPNUMMER                                        :             4
 MATERIAL-MODELL                                         :             1
 ABGLEICH NUMMER                                         :             1
 ANZAHL DER KNOTEN PRO ELEMENT                           :             6
 ANZAHL DER FREIWERTE PRO ELEMENT                        :            21
 ANZAHL DER SPANNUNGEN BZW. VERZERRUNGEN                 :             6
 ANZAHL DER INNEREN ZUSTANDSVARIABLEN                    :            11
 ANZAHL DER INTEGRATIONSPUNKTE                           :             1
 ANZAHL DER INTEGRATIONSSCHICHTEN                        :             5


 INTERN BERECHNETE STOFFABHAENGIGE WERTE
 ---------------------------------------

 MITTLERER E-MODUL ALLER DEFORMIERBAREN KOERPER FUER
 DICKENABHAENGIGES BLECHHALTER-ERSATZMODELL              :     210000.00


 -----------------------------------------------------------------------
 BLOCK-NAME : OP20 - Closing Binder p=3.0N/mm*2
 -----------------------------------------------------------------------


 ANZAHL DER INKREMENETE                                  :          1000
 ----------------------


 GLEICHUNGSLOESER
 ----------------

 CHOLESKY-VERFAHREN FUER SYMMETRISCHE SYSTEMMATRIZEN
 MIT KOMPAKTSPEICHERTECHNIK.
 ZEITOPTIMIERTER ZUGRIFF AUF DIE SYSTEMMATRIX EINGESCHALTET.
 ZUR LOESUNG DES LINEAREN GLEICHUNGSSYSTEMS WIRD DER
 DIREKTE MKL PARDISO-LOESER ( 4 CPU) VERWENDET.


 KONTAKT
 -------

 KONTAKT-KONTROLLE :
 SCHALTER ZUR STEUERUNG DER KONTAKT-AUSGABE              :             2
 MAXIMALE ANZAHL DER KONTAKT ITERATIONEN                 :            50
 ZULAESSIGE MAXIMALE ANFANGSDURCHDRINGUNG                :  2.500000E-01
 MAXIMALE GROESSE DER KONTAKT-SUCHUMGEBUNG               :  5.000000E+00

 KONTAKT-LOESEN : 
 ADHAESIONSSPANNUNG, AB DER EIN KNOTEN VOM STARREN
 WERKZEUG GELOEST WIRD                                   :  1.000000E-01
 RELATIVE GENAUIGKEIT DIE ERFUELLT WERDEN MUSS, BEVOR
 DIE KONTAKT ITERATIONEN BEENDET WERDEN                  :  5.000000E-02
 ABSOLUTE GENAUIGKEIT DIE ERFUELLT WERDEN MUSS, BEVOR
 DIE KONTAKT ITERATIONEN BEENDET WERDEN                  :  0.000000E+00
 ANTEIL DER ZU LOESENDEN KNOTEN                          :  1.000000E+00

 KONTAKT-FESSELN :
 DURCHDRINGUNG, AB DER EINE NEUE KONTAKT ITERATION
 DURCHGEFUEHRT WIRD                                      :  0.100000E+00
 WINKEL ZWISCHEN ZWEI PATCHE, AB WELCHEM BEI PATCH- 
 WECHSEL GEFESSELT WIRD                                  :  0.900000E+02
 WINKEL ZWISCHEN ZWEI PATCHE, AB WELCHEM EIN KNOTEN
 AUF EINE KANTE GEFESSELT WIRD                           :  0.269000E+03

 DER KANTENKONTAKT IST AUSGESCHALTET.

 DIE KONTAKT-TABLES FUER STARR/DEF WERDEN NICHT MODIFIZIERT.

 DIE KONTAKT-TABLES FUER DEF/DEF WERDEN NICHT MODIFIZIERT.


 STEUERUNG
 ---------

 MINIMALE ANZAHL DER ITERATIONEN                         :             1
 MAXIMALE ANZAHL DER ITERATIONEN                         :           200

 STARRKOERPER-STABILISIERUNG IST AUSGESCHALTET    SPFLAG :             0

 FUER DAS ITERATIONSVERFAHREN WIRD EIN RELATIVES KRAFT-
 ABBRUCHSKRITERIUM VERWENDET.
 GEFORDERTER WERT FUER DAS ABBRUCHKRITERIUM              :  5.000000E-02

 VERWENDETES ITERATIONSVERFAHREN : NEWTON-METHOD

 LINE-SEARCH VERFAHREN IST EINGESCHALTET.
 TYP DES LINE-SEARCH VERFAHRENS                          :             3
 MAXIMALE ANZAHL DER HALBIERUNGEN                        :             6
 DIE ITERATIVEN VERSCHIEBUNGEN WERDEN BEGRENZT.
 ZUL. MAXIMALWERT FUER INTERATIVE VERSCHIEBUNG           :      1.000000
 ANZAHL DER INNEREN ITERATIONEN MIT               VBGMAX :            30


 WERKZEUGSTEUERUNG
 -----------------

 ENTLASTUNG/POSITIONIERUNG:
 --------------------------

 ES WIRD KEINE WERKZUEG-ENTLASTUNG/POSITIONIERUNG AUSGEFUEHRT.

 INITIALBEWEGUNG:
 ----------------

 ANZAHL DER GRUPPEN VON KARTEN ZUR DEFINITION
 DER INITIALBEWEGUNG                                     :             2

 INITIALBEWEGUNG FUER Binder               :  0.000000E+00  0.000000E+00 -1.000000E+00

 INITIALBEWEGUNG FUER Die                  :  0.000000E+00  0.000000E+00  1.000000E+00

 DIE INITIALBEWEGUNGEN DER WERKZEUGE SIND TEIL IHRES GESAMTVORSCHUBES.

 GESCHWINDIGKEITEN/LASTEN:
 -------------------------

 RELATIVE GENAUIGKEIT KRAFTGESTEUERTER WERKZEUGE         :  1.000000E-01

 ANZAHL DER GRUPPEN VON KARTEN ZUR DEFINITION
 DER GESCHWINDIGKEITEN/LASTEN                            :             2

 LAST (DRUCK)     Binder                   :  0.000000E+00  0.000000E+00  1.000000E+00

 GESCHWINDIGKEIT  Die                      :  0.000000E+00  0.000000E+00  0.000000E+00
